1/1/2023 -- 06:06:49 - <Notice> - This is Suricata version 6.0.9 RELEASE running in SYSTEM mode
1/1/2023 -- 06:06:49 - <Info> - CPUs/cores online: 12
1/1/2023 -- 06:06:49 - <Warning> - [ERRCODE: SC_ERR_CONF_YAML_ERROR(242)] - App-Layer protocol sip enable status not set, so enabling by default. This behavior will change in Suricata 7, so please update your config. See ticket #4744 for more details.
1/1/2023 -- 06:06:49 - <Warning> - [ERRCODE: SC_ERR_CONF_YAML_ERROR(242)] - App-Layer protocol mqtt enable status not set, so enabling by default. This behavior will change in Suricata 7, so please update your config. See ticket #4744 for more details.
1/1/2023 -- 06:06:49 - <Warning> - [ERRCODE: SC_ERR_CONF_YAML_ERROR(242)] - App-Layer protocol rdp enable status not set, so enabling by default. This behavior will change in Suricata 7, so please update your config. See ticket #4744 for more details.
1/1/2023 -- 06:06:49 - <Info> - Found an MTU of 1500 for 'eth0'
1/1/2023 -- 06:06:49 - <Info> - Found an MTU of 1500 for 'eth0'
1/1/2023 -- 06:06:49 - <Info> - fast output device (regular) initialized: fast.log
1/1/2023 -- 06:06:49 - <Info> - eve-log output device (regular) initialized: eve.json
1/1/2023 -- 06:06:49 - <Info> - stats output device (regular) initialized: stats.log
1/1/2023 -- 06:06:49 - <Info> - Running in live mode, activating unix socket
1/1/2023 -- 06:06:57 - <Info> - 1 rule files processed. 30862 rules successfully loaded, 0 rules failed
1/1/2023 -- 06:06:57 - <Info> - Threshold config parsed: 0 rule(s) found
1/1/2023 -- 06:06:57 - <Info> - 30865 signatures processed. 1148 are IP-only rules, 5150 are inspecting packet payload, 24364 inspect application layer, 108 are decoder event only
1/1/2023 -- 06:07:10 - <Info> - Going to use 12 thread(s)
1/1/2023 -- 06:07:10 - <Info> - Running in live mode, activating unix socket
1/1/2023 -- 06:07:10 - <Info> - Using unix socket file '/var/run/suricata/suricata-command.socket'
1/1/2023 -- 06:07:10 - <Notice> - all 12 packet processing threads, 4 management threads initialized, engine started.
1/1/2023 -- 06:07:11 - <Info> - All AFP capture threads are running.
1/1/2023 -- 06:08:26 - <Notice> - Signal Received.  Stopping engine.
1/1/2023 -- 06:08:26 - <Info> - time elapsed 76.962s
1/1/2023 -- 06:08:29 - <Info> - Alerts: 0
1/1/2023 -- 06:08:29 - <Info> - cleaning up signature grouping structure... complete
1/1/2023 -- 06:08:29 - <Notice> - Stats for 'eth0':  pkts: 2, drop: 0 (0.00%), invalid chksum: 0
1/1/2023 -- 06:19:14 - <Notice> - This is Suricata version 6.0.9 RELEASE running in SYSTEM mode
1/1/2023 -- 06:19:14 - <Info> - CPUs/cores online: 12
1/1/2023 -- 06:19:14 - <Warning> - [ERRCODE: SC_ERR_CONF_YAML_ERROR(242)] - App-Layer protocol sip enable status not set, so enabling by default. This behavior will change in Suricata 7, so please update your config. See ticket #4744 for more details.
1/1/2023 -- 06:19:14 - <Warning> - [ERRCODE: SC_ERR_CONF_YAML_ERROR(242)] - App-Layer protocol mqtt enable status not set, so enabling by default. This behavior will change in Suricata 7, so please update your config. See ticket #4744 for more details.
1/1/2023 -- 06:19:14 - <Warning> - [ERRCODE: SC_ERR_CONF_YAML_ERROR(242)] - App-Layer protocol rdp enable status not set, so enabling by default. This behavior will change in Suricata 7, so please update your config. See ticket #4744 for more details.
1/1/2023 -- 06:19:14 - <Info> - Found an MTU of 1500 for 'eth0'
1/1/2023 -- 06:19:14 - <Info> - Found an MTU of 1500 for 'eth0'
1/1/2023 -- 06:19:14 - <Info> - fast output device (regular) initialized: fast.log
1/1/2023 -- 06:19:14 - <Info> - eve-log output device (regular) initialized: eve.json
1/1/2023 -- 06:19:14 - <Info> - stats output device (regular) initialized: stats.log
1/1/2023 -- 06:19:14 - <Info> - Running in live mode, activating unix socket
1/1/2023 -- 06:19:22 - <Info> - 1 rule files processed. 30862 rules successfully loaded, 0 rules failed
1/1/2023 -- 06:19:22 - <Info> - Threshold config parsed: 0 rule(s) found
1/1/2023 -- 06:19:22 - <Info> - 30865 signatures processed. 1148 are IP-only rules, 5150 are inspecting packet payload, 24364 inspect application layer, 108 are decoder event only
1/1/2023 -- 06:24:34 - <Notice> - This is Suricata version 6.0.9 RELEASE running in SYSTEM mode
1/1/2023 -- 06:24:34 - <Info> - CPUs/cores online: 12
1/1/2023 -- 06:24:34 - <Warning> - [ERRCODE: SC_ERR_CONF_YAML_ERROR(242)] - App-Layer protocol sip enable status not set, so enabling by default. This behavior will change in Suricata 7, so please update your config. See ticket #4744 for more details.
1/1/2023 -- 06:24:34 - <Warning> - [ERRCODE: SC_ERR_CONF_YAML_ERROR(242)] - App-Layer protocol mqtt enable status not set, so enabling by default. This behavior will change in Suricata 7, so please update your config. See ticket #4744 for more details.
1/1/2023 -- 06:24:34 - <Warning> - [ERRCODE: SC_ERR_CONF_YAML_ERROR(242)] - App-Layer protocol rdp enable status not set, so enabling by default. This behavior will change in Suricata 7, so please update your config. See ticket #4744 for more details.
1/1/2023 -- 06:24:34 - <Info> - Found an MTU of 1500 for 'eth0'
1/1/2023 -- 06:24:34 - <Info> - Found an MTU of 1500 for 'eth0'
1/1/2023 -- 06:24:34 - <Info> - fast output device (regular) initialized: fast.log
1/1/2023 -- 06:24:34 - <Info> - eve-log output device (regular) initialized: eve.json
1/1/2023 -- 06:24:34 - <Info> - stats output device (regular) initialized: stats.log
1/1/2023 -- 06:24:34 - <Info> - Running in live mode, activating unix socket
1/1/2023 -- 06:24:43 - <Info> - 1 rule files processed. 30862 rules successfully loaded, 0 rules failed
1/1/2023 -- 06:24:43 - <Info> - Threshold config parsed: 0 rule(s) found
1/1/2023 -- 06:24:43 - <Info> - 30865 signatures processed. 1148 are IP-only rules, 5150 are inspecting packet payload, 24364 inspect application layer, 108 are decoder event only
1/1/2023 -- 06:26:52 - <Notice> - This is Suricata version 6.0.9 RELEASE running in SYSTEM mode
1/1/2023 -- 06:26:52 - <Info> - CPUs/cores online: 12
1/1/2023 -- 06:26:52 - <Warning> - [ERRCODE: SC_ERR_CONF_YAML_ERROR(242)] - App-Layer protocol sip enable status not set, so enabling by default. This behavior will change in Suricata 7, so please update your config. See ticket #4744 for more details.
1/1/2023 -- 06:26:52 - <Warning> - [ERRCODE: SC_ERR_CONF_YAML_ERROR(242)] - App-Layer protocol mqtt enable status not set, so enabling by default. This behavior will change in Suricata 7, so please update your config. See ticket #4744 for more details.
1/1/2023 -- 06:26:52 - <Warning> - [ERRCODE: SC_ERR_CONF_YAML_ERROR(242)] - App-Layer protocol rdp enable status not set, so enabling by default. This behavior will change in Suricata 7, so please update your config. See ticket #4744 for more details.
1/1/2023 -- 06:26:52 - <Info> - Found an MTU of 1500 for 'eth0'
1/1/2023 -- 06:26:52 - <Info> - Found an MTU of 1500 for 'eth0'
1/1/2023 -- 06:26:52 - <Info> - fast output device (regular) initialized: fast.log
1/1/2023 -- 06:26:52 - <Info> - eve-log output device (regular) initialized: eve.json
1/1/2023 -- 06:26:52 - <Info> - stats output device (regular) initialized: stats.log
1/1/2023 -- 06:26:52 - <Info> - Running in live mode, activating unix socket
1/1/2023 -- 06:27:00 - <Info> - 1 rule files processed. 30862 rules successfully loaded, 0 rules failed
1/1/2023 -- 06:27:00 - <Info> - Threshold config parsed: 0 rule(s) found
1/1/2023 -- 06:27:01 - <Info> - 30865 signatures processed. 1148 are IP-only rules, 5150 are inspecting packet payload, 24364 inspect application layer, 108 are decoder event only
1/1/2023 -- 06:27:13 - <Info> - Going to use 12 thread(s)
1/1/2023 -- 06:27:13 - <Info> - Running in live mode, activating unix socket
1/1/2023 -- 06:27:13 - <Info> - Using unix socket file '/var/run/suricata/suricata-command.socket'
1/1/2023 -- 06:27:13 - <Notice> - all 12 packet processing threads, 4 management threads initialized, engine started.
1/1/2023 -- 06:27:15 - <Info> - All AFP capture threads are running.
1/1/2023 -- 06:35:57 - <Notice> - Signal Received.  Stopping engine.
1/1/2023 -- 06:35:57 - <Info> - time elapsed 524.275s
1/1/2023 -- 06:36:00 - <Info> - Alerts: 0
1/1/2023 -- 06:36:00 - <Info> - cleaning up signature grouping structure... complete
1/1/2023 -- 06:36:00 - <Notice> - Stats for 'eth0':  pkts: 5, drop: 0 (0.00%), invalid chksum: 0
1/1/2023 -- 06:53:42 - <Notice> - This is Suricata version 6.0.9 RELEASE running in SYSTEM mode
1/1/2023 -- 06:53:42 - <Info> - CPUs/cores online: 12
1/1/2023 -- 06:53:42 - <Warning> - [ERRCODE: SC_ERR_CONF_YAML_ERROR(242)] - App-Layer protocol sip enable status not set, so enabling by default. This behavior will change in Suricata 7, so please update your config. See ticket #4744 for more details.
1/1/2023 -- 06:53:42 - <Warning> - [ERRCODE: SC_ERR_CONF_YAML_ERROR(242)] - App-Layer protocol mqtt enable status not set, so enabling by default. This behavior will change in Suricata 7, so please update your config. See ticket #4744 for more details.
1/1/2023 -- 06:53:42 - <Warning> - [ERRCODE: SC_ERR_CONF_YAML_ERROR(242)] - App-Layer protocol rdp enable status not set, so enabling by default. This behavior will change in Suricata 7, so please update your config. See ticket #4744 for more details.
1/1/2023 -- 06:53:42 - <Info> - Found an MTU of 1500 for 'eth0'
1/1/2023 -- 06:53:42 - <Info> - Found an MTU of 1500 for 'eth0'
1/1/2023 -- 06:53:42 - <Info> - fast output device (regular) initialized: fast.log
1/1/2023 -- 06:53:42 - <Info> - eve-log output device (regular) initialized: eve.json
1/1/2023 -- 06:53:42 - <Info> - stats output device (regular) initialized: stats.log
1/1/2023 -- 06:53:42 - <Info> - Running in live mode, activating unix socket
1/1/2023 -- 06:53:50 - <Info> - 1 rule files processed. 30862 rules successfully loaded, 0 rules failed
1/1/2023 -- 06:53:50 - <Info> - Threshold config parsed: 0 rule(s) found
1/1/2023 -- 06:53:50 - <Info> - 30865 signatures processed. 1148 are IP-only rules, 5150 are inspecting packet payload, 24364 inspect application layer, 108 are decoder event only
1/1/2023 -- 06:54:03 - <Info> - Going to use 12 thread(s)
1/1/2023 -- 06:54:03 - <Info> - Running in live mode, activating unix socket
1/1/2023 -- 06:54:03 - <Info> - Using unix socket file '/var/run/suricata/suricata-command.socket'
1/1/2023 -- 06:54:03 - <Notice> - all 12 packet processing threads, 4 management threads initialized, engine started.
1/1/2023 -- 06:54:04 - <Info> - All AFP capture threads are running.
1/1/2023 -- 07:04:30 - <Notice> - Signal Received.  Stopping engine.
1/1/2023 -- 07:04:30 - <Info> - time elapsed 627.089s
1/1/2023 -- 07:04:33 - <Info> - Alerts: 0
1/1/2023 -- 07:04:33 - <Info> - cleaning up signature grouping structure... complete
1/1/2023 -- 07:04:33 - <Notice> - Stats for 'eth0':  pkts: 5, drop: 0 (0.00%), invalid chksum: 0
1/1/2023 -- 07:04:52 - <Notice> - This is Suricata version 6.0.9 RELEASE running in SYSTEM mode
1/1/2023 -- 07:04:52 - <Info> - CPUs/cores online: 12
1/1/2023 -- 07:04:52 - <Warning> - [ERRCODE: SC_ERR_CONF_YAML_ERROR(242)] - App-Layer protocol sip enable status not set, so enabling by default. This behavior will change in Suricata 7, so please update your config. See ticket #4744 for more details.
1/1/2023 -- 07:04:52 - <Warning> - [ERRCODE: SC_ERR_CONF_YAML_ERROR(242)] - App-Layer protocol mqtt enable status not set, so enabling by default. This behavior will change in Suricata 7, so please update your config. See ticket #4744 for more details.
1/1/2023 -- 07:04:52 - <Warning> - [ERRCODE: SC_ERR_CONF_YAML_ERROR(242)] - App-Layer protocol rdp enable status not set, so enabling by default. This behavior will change in Suricata 7, so please update your config. See ticket #4744 for more details.
1/1/2023 -- 07:04:52 - <Info> - Found an MTU of 1500 for 'eth0'
1/1/2023 -- 07:04:52 - <Info> - Found an MTU of 1500 for 'eth0'
1/1/2023 -- 07:04:52 - <Info> - fast output device (regular) initialized: fast.log
1/1/2023 -- 07:04:52 - <Info> - eve-log output device (regular) initialized: eve.json
1/1/2023 -- 07:04:52 - <Info> - stats output device (regular) initialized: stats.log
1/1/2023 -- 07:04:52 - <Info> - Running in live mode, activating unix socket
1/1/2023 -- 07:05:00 - <Info> - 1 rule files processed. 30862 rules successfully loaded, 0 rules failed
1/1/2023 -- 07:05:00 - <Info> - Threshold config parsed: 0 rule(s) found
1/1/2023 -- 07:05:00 - <Info> - 30865 signatures processed. 1148 are IP-only rules, 5150 are inspecting packet payload, 24364 inspect application layer, 108 are decoder event only
1/1/2023 -- 07:05:43 - <Notice> - This is Suricata version 6.0.9 RELEASE running in SYSTEM mode
1/1/2023 -- 07:05:43 - <Info> - CPUs/cores online: 12
1/1/2023 -- 07:05:43 - <Warning> - [ERRCODE: SC_ERR_CONF_YAML_ERROR(242)] - App-Layer protocol sip enable status not set, so enabling by default. This behavior will change in Suricata 7, so please update your config. See ticket #4744 for more details.
1/1/2023 -- 07:05:43 - <Warning> - [ERRCODE: SC_ERR_CONF_YAML_ERROR(242)] - App-Layer protocol mqtt enable status not set, so enabling by default. This behavior will change in Suricata 7, so please update your config. See ticket #4744 for more details.
1/1/2023 -- 07:05:43 - <Warning> - [ERRCODE: SC_ERR_CONF_YAML_ERROR(242)] - App-Layer protocol rdp enable status not set, so enabling by default. This behavior will change in Suricata 7, so please update your config. See ticket #4744 for more details.
1/1/2023 -- 07:05:43 - <Info> - Found an MTU of 1500 for 'eth0'
1/1/2023 -- 07:05:43 - <Info> - Found an MTU of 1500 for 'eth0'
1/1/2023 -- 07:05:43 - <Info> - fast output device (regular) initialized: fast.log
1/1/2023 -- 07:05:43 - <Info> - eve-log output device (regular) initialized: eve.json
1/1/2023 -- 07:05:43 - <Info> - stats output device (regular) initialized: stats.log
1/1/2023 -- 07:05:43 - <Info> - Running in live mode, activating unix socket
1/1/2023 -- 07:06:19 - <Notice> - This is Suricata version 6.0.9 RELEASE running in SYSTEM mode
1/1/2023 -- 07:06:19 - <Info> - CPUs/cores online: 12
1/1/2023 -- 07:06:19 - <Warning> - [ERRCODE: SC_ERR_CONF_YAML_ERROR(242)] - App-Layer protocol sip enable status not set, so enabling by default. This behavior will change in Suricata 7, so please update your config. See ticket #4744 for more details.
1/1/2023 -- 07:06:19 - <Warning> - [ERRCODE: SC_ERR_CONF_YAML_ERROR(242)] - App-Layer protocol mqtt enable status not set, so enabling by default. This behavior will change in Suricata 7, so please update your config. See ticket #4744 for more details.
1/1/2023 -- 07:06:19 - <Warning> - [ERRCODE: SC_ERR_CONF_YAML_ERROR(242)] - App-Layer protocol rdp enable status not set, so enabling by default. This behavior will change in Suricata 7, so please update your config. See ticket #4744 for more details.
1/1/2023 -- 07:06:19 - <Info> - Found an MTU of 1500 for 'eth0'
1/1/2023 -- 07:06:19 - <Info> - Found an MTU of 1500 for 'eth0'
1/1/2023 -- 07:06:19 - <Info> - fast output device (regular) initialized: fast.log
1/1/2023 -- 07:06:19 - <Info> - eve-log output device (regular) initialized: eve.json
1/1/2023 -- 07:06:19 - <Info> - stats output device (regular) initialized: stats.log
1/1/2023 -- 07:06:19 - <Info> - Running in live mode, activating unix socket
1/1/2023 -- 07:08:35 - <Notice> - This is Suricata version 6.0.9 RELEASE running in SYSTEM mode
1/1/2023 -- 07:08:35 - <Info> - CPUs/cores online: 12
1/1/2023 -- 07:08:35 - <Warning> - [ERRCODE: SC_ERR_CONF_YAML_ERROR(242)] - App-Layer protocol sip enable status not set, so enabling by default. This behavior will change in Suricata 7, so please update your config. See ticket #4744 for more details.
1/1/2023 -- 07:08:35 - <Warning> - [ERRCODE: SC_ERR_CONF_YAML_ERROR(242)] - App-Layer protocol mqtt enable status not set, so enabling by default. This behavior will change in Suricata 7, so please update your config. See ticket #4744 for more details.
1/1/2023 -- 07:08:35 - <Warning> - [ERRCODE: SC_ERR_CONF_YAML_ERROR(242)] - App-Layer protocol rdp enable status not set, so enabling by default. This behavior will change in Suricata 7, so please update your config. See ticket #4744 for more details.
1/1/2023 -- 07:08:35 - <Info> - Found an MTU of 1500 for 'eth0'
1/1/2023 -- 07:08:35 - <Info> - Found an MTU of 1500 for 'eth0'
1/1/2023 -- 07:08:35 - <Info> - fast output device (regular) initialized: fast.log
1/1/2023 -- 07:08:35 - <Info> - eve-log output device (regular) initialized: eve.json
1/1/2023 -- 07:08:35 - <Info> - stats output device (regular) initialized: stats.log
1/1/2023 -- 07:08:35 - <Info> - Running in live mode, activating unix socket
1/1/2023 -- 07:08:43 - <Info> - 1 rule files processed. 30862 rules successfully loaded, 0 rules failed
1/1/2023 -- 07:08:43 - <Info> - Threshold config parsed: 0 rule(s) found
1/1/2023 -- 07:08:44 - <Info> - 30865 signatures processed. 1148 are IP-only rules, 5150 are inspecting packet payload, 24364 inspect application layer, 108 are decoder event only
1/1/2023 -- 07:09:10 - <Notice> - This is Suricata version 6.0.9 RELEASE running in SYSTEM mode
1/1/2023 -- 07:09:10 - <Info> - CPUs/cores online: 12
1/1/2023 -- 07:09:10 - <Warning> - [ERRCODE: SC_ERR_CONF_YAML_ERROR(242)] - App-Layer protocol sip enable status not set, so enabling by default. This behavior will change in Suricata 7, so please update your config. See ticket #4744 for more details.
1/1/2023 -- 07:09:10 - <Warning> - [ERRCODE: SC_ERR_CONF_YAML_ERROR(242)] - App-Layer protocol mqtt enable status not set, so enabling by default. This behavior will change in Suricata 7, so please update your config. See ticket #4744 for more details.
1/1/2023 -- 07:09:10 - <Warning> - [ERRCODE: SC_ERR_CONF_YAML_ERROR(242)] - App-Layer protocol rdp enable status not set, so enabling by default. This behavior will change in Suricata 7, so please update your config. See ticket #4744 for more details.
1/1/2023 -- 07:09:10 - <Info> - Found an MTU of 1500 for 'eth0'
1/1/2023 -- 07:09:10 - <Info> - Found an MTU of 1500 for 'eth0'
1/1/2023 -- 07:09:10 - <Info> - fast output device (regular) initialized: fast.log
1/1/2023 -- 07:09:10 - <Info> - eve-log output device (regular) initialized: eve.json
1/1/2023 -- 07:09:10 - <Info> - stats output device (regular) initialized: stats.log
1/1/2023 -- 07:09:10 - <Info> - Running in live mode, activating unix socket
1/1/2023 -- 07:09:18 - <Info> - 1 rule files processed. 30862 rules successfully loaded, 0 rules failed
1/1/2023 -- 07:09:18 - <Info> - Threshold config parsed: 0 rule(s) found
1/1/2023 -- 07:09:19 - <Info> - 30865 signatures processed. 1148 are IP-only rules, 5150 are inspecting packet payload, 24364 inspect application layer, 108 are decoder event only
1/1/2023 -- 07:09:31 - <Info> - Going to use 12 thread(s)
1/1/2023 -- 07:09:31 - <Info> - Running in live mode, activating unix socket
1/1/2023 -- 07:09:31 - <Info> - Using unix socket file '/var/run/suricata/suricata-command.socket'
1/1/2023 -- 07:09:31 - <Notice> - all 12 packet processing threads, 4 management threads initialized, engine started.
1/1/2023 -- 07:09:32 - <Info> - All AFP capture threads are running.
